build/app/intermediates/manifest_merge_blame_file/release/processReleaseMainManifest/manifest-merger-blame-release-report.txt
1<?xml version="1.0" encoding="utf-8"?>
2<manifest xmlns:android="http://schemas.android.com/apk/res/android"
3    package="com.example.inventory_mobile"
4    android:versionCode="1"
5    android:versionName="1.0.0" >
6
7    <uses-sdk
8        android:minSdkVersion="21"
9        android:targetSdkVersion="35" />
10
11    <uses-permission android:name="android.permission.INTERNET" />
11-->src\main\AndroidManifest.xml:2:5-67
11-->src\main\AndroidManifest.xml:2:22-64
12
13    <queries>
13-->src\main\AndroidManifest.xml:36:5-41:15
14        <intent>
14-->src\main\AndroidManifest.xml:37:9-40:18
15            <action android:name="android.intent.action.PROCESS_TEXT" />
15-->src\main\AndroidManifest.xml:38:13-72
15-->src\main\AndroidManifest.xml:38:21-70
16
17            <data android:mimeType="text/plain" />
17-->src\main\AndroidManifest.xml:39:13-50
17-->src\main\AndroidManifest.xml:39:19-48
18        </intent>
19    </queries>
20
21    <uses-permission android:name="android.permission.WAKE_LOCK" />
21-->[:firebase_messaging] AndroidManifest.xml:8:5-68
21-->[:firebase_messaging] AndroidManifest.xml:8:22-65
22    <uses-permission android:name="android.permission.ACCESS_NETWORK_STATE" /> <!-- Permissions options for the `notification` group -->
22-->[:firebase_messaging] AndroidManifest.xml:9:5-79
22-->[:firebase_messaging] AndroidManifest.xml:9:22-76
23    <uses-permission android:name="android.permission.POST_NOTIFICATIONS" /> <!-- Required by older versions of Google Play services to create IID tokens -->
23-->[:firebase_messaging] AndroidManifest.xml:11:5-77
23-->[:firebase_messaging] AndroidManifest.xml:11:22-74
24    <uses-permission android:name="com.google.android.c2dm.permission.RECEIVE" />
24-->[com.google.firebase:firebase-messaging:23.4.1] AndroidManifest.xml:26:5-82
24-->[com.google.firebase:firebase-messaging:23.4.1] AndroidManifest.xml:26:22-79
25    <uses-permission android:name="android.permission.CAMERA" />
25-->[:barcode_scan2] AndroidManifest.xml:7:5-65
25-->[:barcode_scan2] AndroidManifest.xml:7:22-62
26    <uses-permission android:name="android.permission.VIBRATE" />
26-->[:flutter_local_notifications] AndroidManifest.xml:7:5-66
26-->[:flutter_local_notifications] AndroidManifest.xml:7:22-63
27
28    <permission
28-->[androidx.core:core:1.13.1] AndroidManifest.xml:22:5-24:47
29        android:name="com.example.inventory_mobile.DYNAMIC_RECEIVER_NOT_EXPORTED_PERMISSION"
29-->[androidx.core:core:1.13.1] AndroidManifest.xml:23:9-81
30        android:protectionLevel="signature" />
30-->[androidx.core:core:1.13.1] AndroidManifest.xml:24:9-44
31
32    <uses-permission android:name="com.example.inventory_mobile.DYNAMIC_RECEIVER_NOT_EXPORTED_PERMISSION" />
32-->[androidx.core:core:1.13.1] AndroidManifest.xml:26:5-97
32-->[androidx.core:core:1.13.1] AndroidManifest.xml:26:22-94
33
34    <application
35        android:name="android.app.Application"
35-->src\main\AndroidManifest.xml:6:9-42
36        android:appComponentFactory="androidx.core.app.CoreComponentFactory"
36-->[androidx.core:core:1.13.1] AndroidManifest.xml:28:18-86
37        android:extractNativeLibs="true"
38        android:icon="@mipmap/ic_launcher"
38-->src\main\AndroidManifest.xml:7:9-43
39        android:label="Stok Takip"
39-->src\main\AndroidManifest.xml:5:9-35
40        android:usesCleartextTraffic="true" >
40-->src\main\AndroidManifest.xml:4:9-44
41
42        <!-- FCM bildirimlerinde kullanılacak varsayılan bildirim kanalını tanımlıyoruz -->
43        <meta-data
43-->src\main\AndroidManifest.xml:10:9-12:54
44            android:name="com.google.firebase.messaging.default_notification_channel_id"
44-->src\main\AndroidManifest.xml:11:13-89
45            android:value="high_importance_channel" />
45-->src\main\AndroidManifest.xml:12:13-52
46
47        <activity
47-->src\main\AndroidManifest.xml:14:9-30:20
48            android:name="com.example.inventory_mobile.MainActivity"
48-->src\main\AndroidManifest.xml:15:13-41
49            android:configChanges="orientation|keyboardHidden|keyboard|screenSize|smallestScreenSize|locale|layoutDirection|fontScale|screenLayout|density|uiMode"
49-->src\main\AndroidManifest.xml:20:13-163
50            android:exported="true"
50-->src\main\AndroidManifest.xml:16:13-36
51            android:hardwareAccelerated="true"
51-->src\main\AndroidManifest.xml:21:13-47
52            android:launchMode="singleTop"
52-->src\main\AndroidManifest.xml:17:13-43
53            android:taskAffinity=""
53-->src\main\AndroidManifest.xml:18:13-36
54            android:theme="@style/LaunchTheme"
54-->src\main\AndroidManifest.xml:19:13-47
55            android:windowSoftInputMode="adjustResize" >
55-->src\main\AndroidManifest.xml:22:13-55
56            <meta-data
56-->src\main\AndroidManifest.xml:23:13-25:56
57                android:name="io.flutter.embedding.android.NormalTheme"
57-->src\main\AndroidManifest.xml:24:17-72
58                android:resource="@style/NormalTheme" />
58-->src\main\AndroidManifest.xml:25:17-54
59
60            <intent-filter>
60-->src\main\AndroidManifest.xml:26:13-29:29
61                <action android:name="android.intent.action.MAIN" />
61-->src\main\AndroidManifest.xml:27:17-68
61-->src\main\AndroidManifest.xml:27:25-66
62
63                <category android:name="android.intent.category.LAUNCHER" />
63-->src\main\AndroidManifest.xml:28:17-76
63-->src\main\AndroidManifest.xml:28:27-74
64            </intent-filter>
65        </activity>
66        <!-- Flutter plugin dosyalarının otomatik olarak dahil edilmesi için -->
67        <meta-data
67-->src\main\AndroidManifest.xml:32:9-34:32
68            android:name="flutterEmbedding"
68-->src\main\AndroidManifest.xml:33:13-44
69            android:value="2" />
69-->src\main\AndroidManifest.xml:34:13-30
70
71        <service
71-->[:firebase_messaging] AndroidManifest.xml:14:9-17:72
72            android:name="io.flutter.plugins.firebase.messaging.FlutterFirebaseMessagingBackgroundService"
72-->[:firebase_messaging] AndroidManifest.xml:15:13-107
73            android:exported="false"
73-->[:firebase_messaging] AndroidManifest.xml:16:13-37
74            android:permission="android.permission.BIND_JOB_SERVICE" />
74-->[:firebase_messaging] AndroidManifest.xml:17:13-69
75        <service
75-->[:firebase_messaging] AndroidManifest.xml:18:9-24:19
76            android:name="io.flutter.plugins.firebase.messaging.FlutterFirebaseMessagingService"
76-->[:firebase_messaging] AndroidManifest.xml:19:13-97
77            android:exported="false" >
77-->[:firebase_messaging] AndroidManifest.xml:20:13-37
78            <intent-filter>
78-->[:firebase_messaging] AndroidManifest.xml:21:13-23:29
79                <action android:name="com.google.firebase.MESSAGING_EVENT" />
79-->[:firebase_messaging] AndroidManifest.xml:22:17-78
79-->[:firebase_messaging] AndroidManifest.xml:22:25-75
80            </intent-filter>
81        </service>
82
83        <receiver
83-->[:firebase_messaging] AndroidManifest.xml:26:9-33:20
84            android:name="io.flutter.plugins.firebase.messaging.FlutterFirebaseMessagingReceiver"
84-->[:firebase_messaging] AndroidManifest.xml:27:13-98
85            android:exported="true"
85-->[:firebase_messaging] AndroidManifest.xml:28:13-36
86            android:permission="com.google.android.c2dm.permission.SEND" >
86-->[:firebase_messaging] AndroidManifest.xml:29:13-73
87            <intent-filter>
87-->[:firebase_messaging] AndroidManifest.xml:30:13-32:29
88                <action android:name="com.google.android.c2dm.intent.RECEIVE" />
88-->[:firebase_messaging] AndroidManifest.xml:31:17-81
88-->[:firebase_messaging] AndroidManifest.xml:31:25-78
89            </intent-filter>
90        </receiver>
91
92        <service
92-->[:firebase_messaging] AndroidManifest.xml:35:9-39:19
93            android:name="com.google.firebase.components.ComponentDiscoveryService"
93-->[:firebase_messaging] AndroidManifest.xml:35:18-89
94            android:directBootAware="true"
94-->[com.google.firebase:firebase-common:20.4.3] AndroidManifest.xml:32:13-43
95            android:exported="false" >
95-->[com.google.firebase:firebase-messaging:23.4.1] AndroidManifest.xml:56:13-37
96            <meta-data
96-->[:firebase_messaging] AndroidManifest.xml:36:13-38:85
97                android:name="com.google.firebase.components:io.flutter.plugins.firebase.messaging.FlutterFirebaseAppRegistrar"
97-->[:firebase_messaging] AndroidManifest.xml:37:17-128
98                android:value="com.google.firebase.components.ComponentRegistrar" />
98-->[:firebase_messaging] AndroidManifest.xml:38:17-82
99            <meta-data
99-->[:firebase_core] AndroidManifest.xml:9:13-11:85
100                android:name="com.google.firebase.components:io.flutter.plugins.firebase.core.FlutterFirebaseCoreRegistrar"
100-->[:firebase_core] AndroidManifest.xml:10:17-124
101                android:value="com.google.firebase.components.ComponentRegistrar" />
101-->[:firebase_core] AndroidManifest.xml:11:17-82
102            <meta-data
102-->[com.google.firebase:firebase-messaging:23.4.1] AndroidManifest.xml:57:13-59:85
103                android:name="com.google.firebase.components:com.google.firebase.messaging.FirebaseMessagingKtxRegistrar"
103-->[com.google.firebase:firebase-messaging:23.4.1] AndroidManifest.xml:58:17-122
104                android:value="com.google.firebase.components.ComponentRegistrar" />
104-->[com.google.firebase:firebase-messaging:23.4.1] AndroidManifest.xml:59:17-82
105            <meta-data
105-->[com.google.firebase:firebase-messaging:23.4.1] AndroidManifest.xml:60:13-62:85
106                android:name="com.google.firebase.components:com.google.firebase.messaging.FirebaseMessagingRegistrar"
106-->[com.google.firebase:firebase-messaging:23.4.1] AndroidManifest.xml:61:17-119
107                android:value="com.google.firebase.components.ComponentRegistrar" />
107-->[com.google.firebase:firebase-messaging:23.4.1] AndroidManifest.xml:62:17-82
108            <meta-data
108-->[com.google.firebase:firebase-iid:21.1.0] AndroidManifest.xml:32:13-34:85
109                android:name="com.google.firebase.components:com.google.firebase.iid.Registrar"
109-->[com.google.firebase:firebase-iid:21.1.0] AndroidManifest.xml:33:17-96
110                android:value="com.google.firebase.components.ComponentRegistrar" />
110-->[com.google.firebase:firebase-iid:21.1.0] AndroidManifest.xml:34:17-82
111            <meta-data
111-->[com.google.firebase:firebase-installations:17.2.0] AndroidManifest.xml:15:13-17:85
112                android:name="com.google.firebase.components:com.google.firebase.installations.FirebaseInstallationsKtxRegistrar"
112-->[com.google.firebase:firebase-installations:17.2.0] AndroidManifest.xml:16:17-130
113                android:value="com.google.firebase.components.ComponentRegistrar" />
113-->[com.google.firebase:firebase-installations:17.2.0] AndroidManifest.xml:17:17-82
114            <meta-data
114-->[com.google.firebase:firebase-installations:17.2.0] AndroidManifest.xml:18:13-20:85
115                android:name="com.google.firebase.components:com.google.firebase.installations.FirebaseInstallationsRegistrar"
115-->[com.google.firebase:firebase-installations:17.2.0] AndroidManifest.xml:19:17-127
116                android:value="com.google.firebase.components.ComponentRegistrar" />
116-->[com.google.firebase:firebase-installations:17.2.0] AndroidManifest.xml:20:17-82
117            <meta-data
117-->[com.google.firebase:firebase-common-ktx:20.4.3] AndroidManifest.xml:12:13-14:85
118                android:name="com.google.firebase.components:com.google.firebase.ktx.FirebaseCommonLegacyRegistrar"
118-->[com.google.firebase:firebase-common-ktx:20.4.3] AndroidManifest.xml:13:17-116
119                android:value="com.google.firebase.components.ComponentRegistrar" />
119-->[com.google.firebase:firebase-common-ktx:20.4.3] AndroidManifest.xml:14:17-82
120            <meta-data
120-->[com.google.firebase:firebase-common:20.4.3] AndroidManifest.xml:35:13-37:85
121                android:name="com.google.firebase.components:com.google.firebase.FirebaseCommonKtxRegistrar"
121-->[com.google.firebase:firebase-common:20.4.3] AndroidManifest.xml:36:17-109
122                android:value="com.google.firebase.components.ComponentRegistrar" />
122-->[com.google.firebase:firebase-common:20.4.3] AndroidManifest.xml:37:17-82
123            <meta-data
123-->[com.google.firebase:firebase-datatransport:18.1.7] AndroidManifest.xml:27:13-29:85
124                android:name="com.google.firebase.components:com.google.firebase.datatransport.TransportRegistrar"
124-->[com.google.firebase:firebase-datatransport:18.1.7] AndroidManifest.xml:28:17-115
125                android:value="com.google.firebase.components.ComponentRegistrar" />
125-->[com.google.firebase:firebase-datatransport:18.1.7] AndroidManifest.xml:29:17-82
126        </service>
127
128        <provider
128-->[:firebase_messaging] AndroidManifest.xml:41:9-45:38
129            android:name="io.flutter.plugins.firebase.messaging.FlutterFirebaseMessagingInitProvider"
129-->[:firebase_messaging] AndroidManifest.xml:42:13-102
130            android:authorities="com.example.inventory_mobile.flutterfirebasemessaginginitprovider"
130-->[:firebase_messaging] AndroidManifest.xml:43:13-88
131            android:exported="false"
131-->[:firebase_messaging] AndroidManifest.xml:44:13-37
132            android:initOrder="99" />
132-->[:firebase_messaging] AndroidManifest.xml:45:13-35
133
134        <receiver
134-->[com.google.firebase:firebase-messaging:23.4.1] AndroidManifest.xml:29:9-40:20
135            android:name="com.google.firebase.iid.FirebaseInstanceIdReceiver"
135-->[com.google.firebase:firebase-messaging:23.4.1] AndroidManifest.xml:30:13-78
136            android:exported="true"
136-->[com.google.firebase:firebase-messaging:23.4.1] AndroidManifest.xml:31:13-36
137            android:permission="com.google.android.c2dm.permission.SEND" >
137-->[com.google.firebase:firebase-messaging:23.4.1] AndroidManifest.xml:32:13-73
138            <intent-filter>
138-->[:firebase_messaging] AndroidManifest.xml:30:13-32:29
139                <action android:name="com.google.android.c2dm.intent.RECEIVE" />
139-->[:firebase_messaging] AndroidManifest.xml:31:17-81
139-->[:firebase_messaging] AndroidManifest.xml:31:25-78
140            </intent-filter>
141
142            <meta-data
142-->[com.google.firebase:firebase-messaging:23.4.1] AndroidManifest.xml:37:13-39:40
143                android:name="com.google.android.gms.cloudmessaging.FINISHED_AFTER_HANDLED"
143-->[com.google.firebase:firebase-messaging:23.4.1] AndroidManifest.xml:38:17-92
144                android:value="true" />
144-->[com.google.firebase:firebase-messaging:23.4.1] AndroidManifest.xml:39:17-37
145        </receiver>
146        <!--
147             FirebaseMessagingService performs security checks at runtime,
148             but set to not exported to explicitly avoid allowing another app to call it.
149        -->
150        <service
150-->[com.google.firebase:firebase-messaging:23.4.1] AndroidManifest.xml:46:9-53:19
151            android:name="com.google.firebase.messaging.FirebaseMessagingService"
151-->[com.google.firebase:firebase-messaging:23.4.1] AndroidManifest.xml:47:13-82
152            android:directBootAware="true"
152-->[com.google.firebase:firebase-messaging:23.4.1] AndroidManifest.xml:48:13-43
153            android:exported="false" >
153-->[com.google.firebase:firebase-messaging:23.4.1] AndroidManifest.xml:49:13-37
154            <intent-filter android:priority="-500" >
154-->[:firebase_messaging] AndroidManifest.xml:21:13-23:29
155                <action android:name="com.google.firebase.MESSAGING_EVENT" />
155-->[:firebase_messaging] AndroidManifest.xml:22:17-78
155-->[:firebase_messaging] AndroidManifest.xml:22:25-75
156            </intent-filter>
157        </service>
158
159        <activity android:name="de.mintware.barcode_scan.BarcodeScannerActivity" />
159-->[:barcode_scan2] AndroidManifest.xml:10:9-84
159-->[:barcode_scan2] AndroidManifest.xml:10:19-81
160        <activity
160-->[com.google.android.gms:play-services-base:18.0.1] AndroidManifest.xml:20:9-22:45
161            android:name="com.google.android.gms.common.api.GoogleApiActivity"
161-->[com.google.android.gms:play-services-base:18.0.1] AndroidManifest.xml:20:19-85
162            android:exported="false"
162-->[com.google.android.gms:play-services-base:18.0.1] AndroidManifest.xml:22:19-43
163            android:theme="@android:style/Theme.Translucent.NoTitleBar" />
163-->[com.google.android.gms:play-services-base:18.0.1] AndroidManifest.xml:21:19-78
164
165        <provider
165-->[com.google.firebase:firebase-common:20.4.3] AndroidManifest.xml:23:9-28:39
166            android:name="com.google.firebase.provider.FirebaseInitProvider"
166-->[com.google.firebase:firebase-common:20.4.3] AndroidManifest.xml:24:13-77
167            android:authorities="com.example.inventory_mobile.firebaseinitprovider"
167-->[com.google.firebase:firebase-common:20.4.3] AndroidManifest.xml:25:13-72
168            android:directBootAware="true"
168-->[com.google.firebase:firebase-common:20.4.3] AndroidManifest.xml:26:13-43
169            android:exported="false"
169-->[com.google.firebase:firebase-common:20.4.3] AndroidManifest.xml:27:13-37
170            android:initOrder="100" />
170-->[com.google.firebase:firebase-common:20.4.3] AndroidManifest.xml:28:13-36
171
172        <uses-library
172-->[androidx.window:window:1.2.0] AndroidManifest.xml:23:9-25:40
173            android:name="androidx.window.extensions"
173-->[androidx.window:window:1.2.0] AndroidManifest.xml:24:13-54
174            android:required="false" />
174-->[androidx.window:window:1.2.0] AndroidManifest.xml:25:13-37
175        <uses-library
175-->[androidx.window:window:1.2.0] AndroidManifest.xml:26:9-28:40
176            android:name="androidx.window.sidecar"
176-->[androidx.window:window:1.2.0] AndroidManifest.xml:27:13-51
177            android:required="false" />
177-->[androidx.window:window:1.2.0] AndroidManifest.xml:28:13-37
178
179        <provider
179-->[androidx.lifecycle:lifecycle-process:2.7.0] AndroidManifest.xml:24:9-32:20
180            android:name="androidx.startup.InitializationProvider"
180-->[androidx.lifecycle:lifecycle-process:2.7.0] AndroidManifest.xml:25:13-67
181            android:authorities="com.example.inventory_mobile.androidx-startup"
181-->[androidx.lifecycle:lifecycle-process:2.7.0] AndroidManifest.xml:26:13-68
182            android:exported="false" >
182-->[androidx.lifecycle:lifecycle-process:2.7.0] AndroidManifest.xml:27:13-37
183            <meta-data
183-->[androidx.lifecycle:lifecycle-process:2.7.0] AndroidManifest.xml:29:13-31:52
184                android:name="androidx.lifecycle.ProcessLifecycleInitializer"
184-->[androidx.lifecycle:lifecycle-process:2.7.0] AndroidManifest.xml:30:17-78
185                android:value="androidx.startup" />
185-->[androidx.lifecycle:lifecycle-process:2.7.0] AndroidManifest.xml:31:17-49
186            <meta-data
186-->[androidx.profileinstaller:profileinstaller:1.3.1] AndroidManifest.xml:29:13-31:52
187                android:name="androidx.profileinstaller.ProfileInstallerInitializer"
187-->[androidx.profileinstaller:profileinstaller:1.3.1] AndroidManifest.xml:30:17-85
188                android:value="androidx.startup" />
188-->[androidx.profileinstaller:profileinstaller:1.3.1] AndroidManifest.xml:31:17-49
189        </provider>
190
191        <meta-data
191-->[com.google.android.gms:play-services-basement:18.3.0] AndroidManifest.xml:21:9-23:69
192            android:name="com.google.android.gms.version"
192-->[com.google.android.gms:play-services-basement:18.3.0] AndroidManifest.xml:22:13-58
193            android:value="@integer/google_play_services_version" />
193-->[com.google.android.gms:play-services-basement:18.3.0] AndroidManifest.xml:23:13-66
194
195        <receiver
195-->[androidx.profileinstaller:profileinstaller:1.3.1] AndroidManifest.xml:34:9-52:20
196            android:name="androidx.profileinstaller.ProfileInstallReceiver"
196-->[androidx.profileinstaller:profileinstaller:1.3.1] AndroidManifest.xml:35:13-76
197            android:directBootAware="false"
197-->[androidx.profileinstaller:profileinstaller:1.3.1] AndroidManifest.xml:36:13-44
198            android:enabled="true"
198-->[androidx.profileinstaller:profileinstaller:1.3.1] AndroidManifest.xml:37:13-35
199            android:exported="true"
199-->[androidx.profileinstaller:profileinstaller:1.3.1] AndroidManifest.xml:38:13-36
200            android:permission="android.permission.DUMP" >
200-->[androidx.profileinstaller:profileinstaller:1.3.1] AndroidManifest.xml:39:13-57
201            <intent-filter>
201-->[androidx.profileinstaller:profileinstaller:1.3.1] AndroidManifest.xml:40:13-42:29
202                <action android:name="androidx.profileinstaller.action.INSTALL_PROFILE" />
202-->[androidx.profileinstaller:profileinstaller:1.3.1] AndroidManifest.xml:41:17-91
202-->[androidx.profileinstaller:profileinstaller:1.3.1] AndroidManifest.xml:41:25-88
203            </intent-filter>
204            <intent-filter>
204-->[androidx.profileinstaller:profileinstaller:1.3.1] AndroidManifest.xml:43:13-45:29
205                <action android:name="androidx.profileinstaller.action.SKIP_FILE" />
205-->[androidx.profileinstaller:profileinstaller:1.3.1] AndroidManifest.xml:44:17-85
205-->[androidx.profileinstaller:profileinstaller:1.3.1] AndroidManifest.xml:44:25-82
206            </intent-filter>
207            <intent-filter>
207-->[androidx.profileinstaller:profileinstaller:1.3.1] AndroidManifest.xml:46:13-48:29
208                <action android:name="androidx.profileinstaller.action.SAVE_PROFILE" />
208-->[androidx.profileinstaller:profileinstaller:1.3.1] AndroidManifest.xml:47:17-88
208-->[androidx.profileinstaller:profileinstaller:1.3.1] AndroidManifest.xml:47:25-85
209            </intent-filter>
210            <intent-filter>
210-->[androidx.profileinstaller:profileinstaller:1.3.1] AndroidManifest.xml:49:13-51:29
211                <action android:name="androidx.profileinstaller.action.BENCHMARK_OPERATION" />
211-->[androidx.profileinstaller:profileinstaller:1.3.1] AndroidManifest.xml:50:17-95
211-->[androidx.profileinstaller:profileinstaller:1.3.1] AndroidManifest.xml:50:25-92
212            </intent-filter>
213        </receiver>
214
215        <service
215-->[com.google.android.datatransport:transport-backend-cct:3.1.8] AndroidManifest.xml:28:9-34:19
216            android:name="com.google.android.datatransport.runtime.backends.TransportBackendDiscovery"
216-->[com.google.android.datatransport:transport-backend-cct:3.1.8] AndroidManifest.xml:29:13-103
217            android:exported="false" >
217-->[com.google.android.datatransport:transport-backend-cct:3.1.8] AndroidManifest.xml:30:13-37
218            <meta-data
218-->[com.google.android.datatransport:transport-backend-cct:3.1.8] AndroidManifest.xml:31:13-33:39
219                android:name="backend:com.google.android.datatransport.cct.CctBackendFactory"
219-->[com.google.android.datatransport:transport-backend-cct:3.1.8] AndroidManifest.xml:32:17-94
220                android:value="cct" />
220-->[com.google.android.datatransport:transport-backend-cct:3.1.8] AndroidManifest.xml:33:17-36
221        </service>
222        <service
222-->[com.google.android.datatransport:transport-runtime:3.1.8] AndroidManifest.xml:26:9-30:19
223            android:name="com.google.android.datatransport.runtime.scheduling.jobscheduling.JobInfoSchedulerService"
223-->[com.google.android.datatransport:transport-runtime:3.1.8] AndroidManifest.xml:27:13-117
224            android:exported="false"
224-->[com.google.android.datatransport:transport-runtime:3.1.8] AndroidManifest.xml:28:13-37
225            android:permission="android.permission.BIND_JOB_SERVICE" >
225-->[com.google.android.datatransport:transport-runtime:3.1.8] AndroidManifest.xml:29:13-69
226        </service>
227
228        <receiver
228-->[com.google.android.datatransport:transport-runtime:3.1.8] AndroidManifest.xml:32:9-34:40
229            android:name="com.google.android.datatransport.runtime.scheduling.jobscheduling.AlarmManagerSchedulerBroadcastReceiver"
229-->[com.google.android.datatransport:transport-runtime:3.1.8] AndroidManifest.xml:33:13-132
230            android:exported="false" />
230-->[com.google.android.datatransport:transport-runtime:3.1.8] AndroidManifest.xml:34:13-37
231    </application>
232
233</manifest>